<?xml version="1.0" encoding="UTF-8"?>
<!-- Generated by org.testng.reporters.JUnitXMLReporter -->
<testsuite ignored="4" hostname="Torrey" failures="0" tests="1" name="Default test" time="5.756" errors="0" timestamp="2023-11-30T14:43:12 PST">
  <testcase classname="FrameworkReference.LoginPageTest" name="loginPageTitleTest" time="0.016"/>
  <testcase classname="FrameworkReference.LoginPageTest" name="loginPageURLTest" time="0.0">
    <ignored/>
  </testcase> <!-- loginPageURLTest -->
  <testcase classname="FrameworkReference.LoginPageTest" name="fogotPwdLinkExistTest" time="0.0">
    <ignored/>
  </testcase> <!-- fogotPwdLinkExistTest -->
  <testcase classname="FrameworkReference.LoginPageTest" name="appLogoExistTest" time="0.0">
    <ignored/>
  </testcase> <!-- appLogoExistTest -->
  <testcase classname="FrameworkReference.LoginPageTest" name="loginTest" time="0.0">
    <ignored/>
  </testcase> <!-- loginTest -->
</testsuite> <!-- Default test -->
